<?xml version="1.0" encoding="UTF-8"?>
<testng-results ignored="0" total="23" passed="23" failed="0" skipped="0">
  <reporter-output>
  </reporter-output>
  <suite started-at="2023-01-26T14:54:23 EET" name="Surefire suite" finished-at="2023-01-26T14:54:24 EET" duration-ms="190">
    <groups>
    </groups>
    <test started-at="2023-01-26T14:54:23 EET" name="Surefire test" finished-at="2023-01-26T14:54:24 EET" duration-ms="190">
      <class name="StringTest">
        <test-method signature="appendBufferTest()[pri:0, instance:StringTest@3901d134]" started-at="2023-01-26T14:54:24 EET" name="appendBufferTest" finished-at="2023-01-26T14:54:24 EET" duration-ms="14" status="PASS">
          <reporter-output>
          </reporter-output>
        </test-method> <!-- appendBufferTest -->
        <test-method signature="capacityAndEnsureCapacityStringBufferTest()[pri:0, instance:StringTest@3901d134]" started-at="2023-01-26T14:54:24 EET" name="capacityAndEnsureCapacityStringBufferTest" finished-at="2023-01-26T14:54:24 EET" duration-ms="2" status="PASS">
          <reporter-output>
          </reporter-output>
        </test-method> <!-- capacityAndEnsureCapacityStringBufferTest -->
        <test-method signature="charArrayTest()[pri:0, instance:StringTest@3901d134]" started-at="2023-01-26T14:54:24 EET" name="charArrayTest" finished-at="2023-01-26T14:54:24 EET" duration-ms="1" status="PASS">
          <reporter-output>
          </reporter-output>
        </test-method> <!-- charArrayTest -->
        <test-method signature="charAtAndSetCharAtStringBufferTest()[pri:0, instance:StringTest@3901d134]" started-at="2023-01-26T14:54:24 EET" name="charAtAndSetCharAtStringBufferTest" finished-at="2023-01-26T14:54:24 EET" duration-ms="2" status="PASS">
          <reporter-output>
          </reporter-output>
        </test-method> <!-- charAtAndSetCharAtStringBufferTest -->
        <test-method signature="concatTest()[pri:0, instance:StringTest@3901d134]" started-at="2023-01-26T14:54:24 EET" name="concatTest" finished-at="2023-01-26T14:54:24 EET" duration-ms="1" status="PASS">
          <reporter-output>
          </reporter-output>
        </test-method> <!-- concatTest -->
        <test-method signature="deleteAndDeleteCharAtStringBufferTest()[pri:0, instance:StringTest@3901d134]" started-at="2023-01-26T14:54:24 EET" name="deleteAndDeleteCharAtStringBufferTest" finished-at="2023-01-26T14:54:24 EET" duration-ms="1" status="PASS">
          <reporter-output>
          </reporter-output>
        </test-method> <!-- deleteAndDeleteCharAtStringBufferTest -->
        <test-method signature="endsWithTest()[pri:0, instance:StringTest@3901d134]" started-at="2023-01-26T14:54:24 EET" name="endsWithTest" finished-at="2023-01-26T14:54:24 EET" duration-ms="6" status="PASS">
          <reporter-output>
          </reporter-output>
        </test-method> <!-- endsWithTest -->
        <test-method signature="equalsIgnoreCaseTest()[pri:0, instance:StringTest@3901d134]" started-at="2023-01-26T14:54:24 EET" name="equalsIgnoreCaseTest" finished-at="2023-01-26T14:54:24 EET" duration-ms="1" status="PASS">
          <reporter-output>
          </reporter-output>
        </test-method> <!-- equalsIgnoreCaseTest -->
        <test-method signature="getCharsStringBufferTest()[pri:0, instance:StringTest@3901d134]" started-at="2023-01-26T14:54:24 EET" name="getCharsStringBufferTest" finished-at="2023-01-26T14:54:24 EET" duration-ms="2" status="PASS">
          <reporter-output>
          </reporter-output>
        </test-method> <!-- getCharsStringBufferTest -->
        <test-method signature="insertBufferTest()[pri:0, instance:StringTest@3901d134]" started-at="2023-01-26T14:54:24 EET" name="insertBufferTest" finished-at="2023-01-26T14:54:24 EET" duration-ms="1" status="PASS">
          <reporter-output>
          </reporter-output>
        </test-method> <!-- insertBufferTest -->
        <test-method signature="joinTest()[pri:0, instance:StringTest@3901d134]" started-at="2023-01-26T14:54:24 EET" name="joinTest" finished-at="2023-01-26T14:54:24 EET" duration-ms="1" status="PASS">
          <reporter-output>
          </reporter-output>
        </test-method> <!-- joinTest -->
        <test-method signature="replaceStringBufferTest()[pri:0, instance:StringTest@3901d134]" started-at="2023-01-26T14:54:24 EET" name="replaceStringBufferTest" finished-at="2023-01-26T14:54:24 EET" duration-ms="2" status="PASS">
          <reporter-output>
          </reporter-output>
        </test-method> <!-- replaceStringBufferTest -->
        <test-method signature="replaceTest()[pri:0, instance:StringTest@3901d134]" started-at="2023-01-26T14:54:24 EET" name="replaceTest" finished-at="2023-01-26T14:54:24 EET" duration-ms="1" status="PASS">
          <reporter-output>
          </reporter-output>
        </test-method> <!-- replaceTest -->
        <test-method signature="reverseStringBufferTest()[pri:0, instance:StringTest@3901d134]" started-at="2023-01-26T14:54:24 EET" name="reverseStringBufferTest" finished-at="2023-01-26T14:54:24 EET" duration-ms="1" status="PASS">
          <reporter-output>
          </reporter-output>
        </test-method> <!-- reverseStringBufferTest -->
        <test-method signature="reverseTest()[pri:0, instance:StringTest@3901d134]" started-at="2023-01-26T14:54:24 EET" name="reverseTest" finished-at="2023-01-26T14:54:24 EET" duration-ms="1" status="PASS">
          <reporter-output>
          </reporter-output>
        </test-method> <!-- reverseTest -->
        <test-method signature="setLengthStringBufferTest()[pri:0, instance:StringTest@3901d134]" started-at="2023-01-26T14:54:24 EET" name="setLengthStringBufferTest" finished-at="2023-01-26T14:54:24 EET" duration-ms="6" status="PASS">
          <reporter-output>
          </reporter-output>
        </test-method> <!-- setLengthStringBufferTest -->
        <test-method signature="setLengthStringBuilderTest()[pri:0, instance:StringTest@3901d134]" started-at="2023-01-26T14:54:24 EET" name="setLengthStringBuilderTest" finished-at="2023-01-26T14:54:24 EET" duration-ms="3" status="PASS">
          <reporter-output>
          </reporter-output>
        </test-method> <!-- setLengthStringBuilderTest -->
        <test-method signature="splitTest()[pri:0, instance:StringTest@3901d134]" started-at="2023-01-26T14:54:24 EET" name="splitTest" finished-at="2023-01-26T14:54:24 EET" duration-ms="1" status="PASS">
          <reporter-output>
          </reporter-output>
        </test-method> <!-- splitTest -->
        <test-method signature="splitTwoTest()[pri:0, instance:StringTest@3901d134]" started-at="2023-01-26T14:54:24 EET" name="splitTwoTest" finished-at="2023-01-26T14:54:24 EET" duration-ms="1" status="PASS">
          <reporter-output>
          </reporter-output>
        </test-method> <!-- splitTwoTest -->
        <test-method signature="startsWithTest()[pri:0, instance:StringTest@3901d134]" started-at="2023-01-26T14:54:24 EET" name="startsWithTest" finished-at="2023-01-26T14:54:24 EET" duration-ms="6" status="PASS">
          <reporter-output>
          </reporter-output>
        </test-method> <!-- startsWithTest -->
        <test-method signature="substringBufferTest()[pri:0, instance:StringTest@3901d134]" started-at="2023-01-26T14:54:24 EET" name="substringBufferTest" finished-at="2023-01-26T14:54:24 EET" duration-ms="0" status="PASS">
          <reporter-output>
          </reporter-output>
        </test-method> <!-- substringBufferTest -->
        <test-method signature="substringTest()[pri:0, instance:StringTest@3901d134]" started-at="2023-01-26T14:54:24 EET" name="substringTest" finished-at="2023-01-26T14:54:24 EET" duration-ms="1" status="PASS">
          <reporter-output>
          </reporter-output>
        </test-method> <!-- substringTest -->
        <test-method signature="toStringStringBufferTest()[pri:0, instance:StringTest@3901d134]" started-at="2023-01-26T14:54:24 EET" name="toStringStringBufferTest" finished-at="2023-01-26T14:54:24 EET" duration-ms="0" status="PASS">
          <reporter-output>
          </reporter-output>
        </test-method> <!-- toStringStringBufferTest -->
      </class> <!-- StringTest -->
    </test> <!-- Surefire test -->
  </suite> <!-- Surefire suite -->
</testng-results>
